<?xml version="1.0" encoding="UTF-8"?>
<!-- Generated by org.testng.reporters.JUnitReportReporter -->
<testsuite skipped="0" hostname="DESKTOP-5R9C8DJ" name="test.Test_TN3" tests="1" failures="0" timestamp="2022-08-28T14:52:15 CDT" time="3.392" errors="0">
  <testcase name="clickMonthDropDown" time="3.392" classname="test.Test_TN3"/>
  <system-out/>
</testsuite> <!-- test.Test_TN3 -->
