<?xml version="1.0" encoding="UTF-8"?>
<!-- Generated by org.testng.reporters.JUnitReportReporter -->
<testsuite skipped="0" hostname="DESKTOP-5R9C8DJ" name="test.Test_TN" tests="1" failures="0" timestamp="2022-08-28T14:51:33 CDT" time="3.787" errors="0">
  <testcase name="landOnPage" time="3.787" classname="test.Test_TN"/>
  <system-out/>
</testsuite> <!-- test.Test_TN -->
